Warning: Phase:Design thinking: missing resource file './../../FindiesProcess/deliveryprocesses/Imers&atilde;o_BDB0C005.html'
Warning: Phase:Design thinking: missing resource file './../../FindiesProcess/deliveryprocesses/Prototipa&ccedil;&atilde;o_CD2CA625.html'
Warning: Phase:Design thinking: missing resource file './../../FindiesProcess/deliveryprocesses/Imers&atilde;o_BDB0C005.html'
Warning: Phase:Design thinking: missing resource file './../../FindiesProcess/deliveryprocesses/Prototipa&ccedil;&atilde;o_CD2CA625.html'
Warning: Activity:Imersão: missing resource file './../../FindiesProcess/deliveryprocesses/resources/Imers&atilde;o_BDB0C005_Activity.jpeg'
Warning: Activity:Imersão: missing resource file './../../FindiesProcess/deliveryprocesses/resources/Imers&atilde;o_BDB0C005_Activity.jpeg'
Warning: Activity:Prototipação: missing resource file './../../FindiesProcess/deliveryprocesses/resources/Prototipa&ccedil;&atilde;o_CD2CA625_Activity.jpeg'
Warning: Activity:Prototipação: missing resource file './../../FindiesProcess/deliveryprocesses/resources/Prototipa&ccedil;&atilde;o_CD2CA625_Activity.jpeg'
Warning: Phase:MEP: missing resource file './../../FindiesProcess/deliveryprocesses/Implementa&ccedil;&atilde;o_4684199B.html'
Warning: Phase:MEP: missing resource file './../../FindiesProcess/deliveryprocesses/Implanta&ccedil;&atilde;o_6CA5C4E6.html'
Warning: Phase:MEP: missing resource file './../../FindiesProcess/deliveryprocesses/Comunica&ccedil;&atilde;o com o usu&aacute;rio_C2C1CE.html'
Warning: Phase:MEP: missing resource file './../../FindiesProcess/deliveryprocesses/Implementa&ccedil;&atilde;o_4684199B.html'
Warning: Phase:MEP: missing resource file './../../FindiesProcess/deliveryprocesses/Implanta&ccedil;&atilde;o_6CA5C4E6.html'
Warning: Phase:MEP: missing resource file './../../FindiesProcess/deliveryprocesses/Comunica&ccedil;&atilde;o com o usu&aacute;rio_C2C1CE.html'
Warning: Activity:Implementação: missing resource file './../../FindiesProcess/deliveryprocesses/resources/Implementa&ccedil;&atilde;o_4684199B_Activity.jpeg'
Warning: Activity:Implementação: missing resource file './../../FindiesProcess/deliveryprocesses/resources/Implementa&ccedil;&atilde;o_4684199B_Activity.jpeg'
Warning: Activity:Implantação: missing resource file './../../FindiesProcess/deliveryprocesses/resources/Implanta&ccedil;&atilde;o_6CA5C4E6_Activity.jpeg'
Warning: Activity:Implantação: missing resource file './../../FindiesProcess/deliveryprocesses/resources/Implanta&ccedil;&atilde;o_6CA5C4E6_Activity.jpeg'
Warning: Activity:Comunicação com o usuário: missing resource file './../../FindiesProcess/deliveryprocesses/resources/Comunica&ccedil;&atilde;o com o usu&aacute;rio_C2C1CE_Activity.jpeg'
Warning: Activity:Comunicação com o usuário: missing resource file './../../FindiesProcess/deliveryprocesses/resources/Comunica&ccedil;&atilde;o com o usu&aacute;rio_C2C1CE_Activity.jpeg'
